<?xml version="1.0" encoding="UTF-8"?>
<!-- Generated by org.testng.reporters.JUnitReportReporter -->
<testsuite skipped="1" hostname="Abhilash-PC" name="com.appiumFramework.SimpleAndroidCalcTest" tests="2" failures="0" timestamp="31 Aug 2020 04:39:28 GMT" time="320.255" errors="1">
  <testcase name="setUp" time="320.255" classname="com.appiumFramework.SimpleAndroidCalcTest">
    <error type="java.lang.RuntimeException" message="java.lang.NullPointerException: Unable to find executable for: cmd.exe">
      <![CDATA[java.lang.RuntimeException: java.lang.NullPointerException: Unable to find executable for: cmd.exe
at io.appium.java_client.service.local.AppiumServiceBuilder.findNodeInCurrentFileSystem(AppiumServiceBuilder.java:146)
at io.appium.java_client.service.local.AppiumServiceBuilder.checkAppiumJS(AppiumServiceBuilder.java:317)
at io.appium.java_client.service.local.AppiumServiceBuilder.createArgs(AppiumServiceBuilder.java:397)
at org.openqa.selenium.remote.service.DriverService$Builder.build(DriverService.java:338)
at io.appium.java_client.service.local.AppiumDriverLocalService.buildService(AppiumDriverLocalService.java:71)
at io.appium.java_client.service.local.AppiumDriverLocalService.buildDefaultService(AppiumDriverLocalService.java:67)
at io.appium.java_client.AppiumDriver.<init>(AppiumDriver.java:129)
at io.appium.java_client.android.AndroidDriver.<init>(AndroidDriver.java:171)
at com.appiumFramework.SimpleAndroidCalcTest.setUp(SimpleAndroidCalcTest.java:30)
at sun.reflect.NativeMethodAccessorImpl.invoke0(Native Method)
at sun.reflect.NativeMethodAccessorImpl.invoke(NativeMethodAccessorImpl.java:62)
at sun.reflect.DelegatingMethodAccessorImpl.invoke(DelegatingMethodAccessorImpl.java:43)
at java.lang.reflect.Method.invoke(Method.java:498)
at org.testng.internal.MethodInvocationHelper.invokeMethod(MethodInvocationHelper.java:124)
at org.testng.internal.MethodInvocationHelper.invokeMethodConsideringTimeout(MethodInvocationHelper.java:59)
at org.testng.internal.Invoker.invokeConfigurationMethod(Invoker.java:458)
at org.testng.internal.Invoker.invokeConfigurations(Invoker.java:222)
at org.testng.internal.Invoker.invokeConfigurations(Invoker.java:142)
at org.testng.TestRunner.beforeRun(TestRunner.java:529)
at org.testng.TestRunner.run(TestRunner.java:497)
at org.testng.SuiteRunner.runTest(SuiteRunner.java:455)
at org.testng.SuiteRunner.runSequentially(SuiteRunner.java:450)
at org.testng.SuiteRunner.privateRun(SuiteRunner.java:415)
at org.testng.SuiteRunner.run(SuiteRunner.java:364)
at org.testng.SuiteRunnerWorker.runSuite(SuiteRunnerWorker.java:52)
at org.testng.SuiteRunnerWorker.run(SuiteRunnerWorker.java:84)
at org.testng.TestNG.runSuitesSequentially(TestNG.java:1208)
at org.testng.TestNG.runSuitesLocally(TestNG.java:1137)
at org.testng.TestNG.runSuites(TestNG.java:1049)
at org.testng.TestNG.run(TestNG.java:1017)
at org.testng.remote.AbstractRemoteTestNG.run(AbstractRemoteTestNG.java:114)
at org.testng.remote.RemoteTestNG.initAndRun(RemoteTestNG.java:251)
at org.testng.remote.RemoteTestNG.main(RemoteTestNG.java:77)
Caused by: java.lang.NullPointerException: Unable to find executable for: cmd.exe
at com.google.common.base.Preconditions.checkNotNull(Preconditions.java:987)
at org.openqa.selenium.os.OsProcess.<init>(OsProcess.java:63)
at org.openqa.selenium.os.CommandLine.<init>(CommandLine.java:38)
at io.appium.java_client.service.local.AppiumServiceBuilder.findNodeInCurrentFileSystem(AppiumServiceBuilder.java:140)
... 32 more
]]>
    </error>
  </testcase> <!-- setUp -->
  <testcase name="Sum" time="0.000" classname="com.appiumFramework.SimpleAndroidCalcTest">
    <skipped/>
  </testcase> <!-- Sum -->
</testsuite> <!-- com.appiumFramework.SimpleAndroidCalcTest -->
